{"/Users/parkbyoungkwan/Documents/high-school-classes/3grade/nodeJsClass/230424_수행3차/nodebird/controllers/user.js": {"path":"/Users/parkbyoungkwan/Documents/high-school-classes/3grade/nodeJsClass/230424_수행3차/nodebird/controllers/user.js","statementMap":{"0":{"start":{"line":1,"column":13},"end":{"line":1,"column":38}},"1":{"start":{"line":2,"column":15},"end":{"line":2,"column":35}},"2":{"start":{"line":4,"column":0},"end":{"line":17,"column":2}},"3":{"start":{"line":5,"column":2},"end":{"line":16,"column":3}},"4":{"start":{"line":6,"column":17},"end":{"line":6,"column":67}},"5":{"start":{"line":7,"column":4},"end":{"line":12,"column":5}},"6":{"start":{"line":8,"column":6},"end":{"line":8,"column":59}},"7":{"start":{"line":9,"column":6},"end":{"line":9,"column":26}},"8":{"start":{"line":11,"column":6},"end":{"line":11,"column":38}},"9":{"start":{"line":15,"column":4},"end":{"line":15,"column":16}},"10":{"start":{"line":19,"column":0},"end":{"line":45,"column":1}},"11":{"start":{"line":20,"column":2},"end":{"line":44,"column":3}},"12":{"start":{"line":21,"column":17},"end":{"line":21,"column":61}},"13":{"start":{"line":22,"column":4},"end":{"line":27,"column":5}},"14":{"start":{"line":23,"column":6},"end":{"line":23,"column":62}},"15":{"start":{"line":24,"column":6},"end":{"line":24,"column":25}},"16":{"start":{"line":26,"column":6},"end":{"line":26,"column":37}},"17":{"start":{"line":42,"column":4},"end":{"line":42,"column":25}},"18":{"start":{"line":43,"column":4},"end":{"line":43,"column":15}}},"fnMap":{"0":{"name":"(anonymous_0)","decl":{"start":{"line":4,"column":17},"end":{"line":4,"column":18}},"loc":{"start":{"line":4,"column":43},"end":{"line":17,"column":1}},"line":4},"1":{"name":"(anonymous_1)","decl":{"start":{"line":19,"column":19},"end":{"line":19,"column":20}},"loc":{"start":{"line":19,"column":42},"end":{"line":45,"column":1}},"line":19}},"branchMap":{"0":{"loc":{"start":{"line":7,"column":4},"end":{"line":12,"column":5}},"type":"if","locations":[{"start":{"line":7,"column":4},"end":{"line":12,"column":5}},{"start":{"line":10,"column":11},"end":{"line":12,"column":5}}],"line":7},"1":{"loc":{"start":{"line":22,"column":4},"end":{"line":27,"column":5}},"type":"if","locations":[{"start":{"line":22,"column":4},"end":{"line":27,"column":5}},{"start":{"line":25,"column":11},"end":{"line":27,"column":5}}],"line":22}},"s":{"0":1,"1":1,"2":1,"3":3,"4":3,"5":2,"6":1,"7":1,"8":1,"9":1,"10":1,"11":0,"12":0,"13":0,"14":0,"15":0,"16":0,"17":0,"18":0},"f":{"0":3,"1":0},"b":{"0":[1,1],"1":[0,0]},"_coverageSchema":"1a1c01bbd47fc00a2c39e90264f33305004495a9","hash":"abb97e0a9875ed0e36de6284a2b5969e31b40b8e"}
,"/Users/parkbyoungkwan/Documents/high-school-classes/3grade/nodeJsClass/230424_수행3차/nodebird/middlewares/index.js": {"path":"/Users/parkbyoungkwan/Documents/high-school-classes/3grade/nodeJsClass/230424_수행3차/nodebird/middlewares/index.js","statementMap":{"0":{"start":{"line":1,"column":0},"end":{"line":9,"column":1}},"1":{"start":{"line":2,"column":4},"end":{"line":8,"column":5}},"2":{"start":{"line":3,"column":8},"end":{"line":3,"column":15}},"3":{"start":{"line":7,"column":8},"end":{"line":7,"column":80}},"4":{"start":{"line":11,"column":0},"end":{"line":18,"column":1}},"5":{"start":{"line":12,"column":4},"end":{"line":17,"column":5}},"6":{"start":{"line":13,"column":8},"end":{"line":13,"column":14}},"7":{"start":{"line":15,"column":24},"end":{"line":15,"column":56}},"8":{"start":{"line":16,"column":8},"end":{"line":16,"column":42}}},"fnMap":{"0":{"name":"(anonymous_0)","decl":{"start":{"line":1,"column":21},"end":{"line":1,"column":22}},"loc":{"start":{"line":1,"column":39},"end":{"line":9,"column":1}},"line":1},"1":{"name":"(anonymous_1)","decl":{"start":{"line":11,"column":24},"end":{"line":11,"column":25}},"loc":{"start":{"line":11,"column":42},"end":{"line":18,"column":1}},"line":11}},"branchMap":{"0":{"loc":{"start":{"line":2,"column":4},"end":{"line":8,"column":5}},"type":"if","locations":[{"start":{"line":2,"column":4},"end":{"line":8,"column":5}},{"start":{"line":4,"column":11},"end":{"line":8,"column":5}}],"line":2},"1":{"loc":{"start":{"line":12,"column":4},"end":{"line":17,"column":5}},"type":"if","locations":[{"start":{"line":12,"column":4},"end":{"line":17,"column":5}},{"start":{"line":14,"column":10},"end":{"line":17,"column":5}}],"line":12}},"s":{"0":1,"1":2,"2":1,"3":1,"4":1,"5":2,"6":1,"7":1,"8":1},"f":{"0":2,"1":2},"b":{"0":[1,1],"1":[1,1]},"_coverageSchema":"1a1c01bbd47fc00a2c39e90264f33305004495a9","hash":"d903e12ea997129045fbbe8e58dc139fbd7be0e5"}
,"/Users/parkbyoungkwan/Documents/high-school-classes/3grade/nodeJsClass/230424_수행3차/nodebird/models/user.js": {"path":"/Users/parkbyoungkwan/Documents/high-school-classes/3grade/nodeJsClass/230424_수행3차/nodebird/models/user.js","statementMap":{"0":{"start":{"line":1,"column":18},"end":{"line":1,"column":38}},"1":{"start":{"line":5,"column":4},"end":{"line":37,"column":7}},"2":{"start":{"line":41,"column":4},"end":{"line":41,"column":29}},"3":{"start":{"line":42,"column":4},"end":{"line":46,"column":7}},"4":{"start":{"line":47,"column":4},"end":{"line":51,"column":7}},"5":{"start":{"line":55,"column":0},"end":{"line":55,"column":22}}},"fnMap":{"0":{"name":"(anonymous_0)","decl":{"start":{"line":4,"column":2},"end":{"line":4,"column":3}},"loc":{"start":{"line":4,"column":29},"end":{"line":38,"column":3}},"line":4},"1":{"name":"(anonymous_1)","decl":{"start":{"line":40,"column":2},"end":{"line":40,"column":3}},"loc":{"start":{"line":40,"column":23},"end":{"line":52,"column":3}},"line":40}},"branchMap":{},"s":{"0":2,"1":0,"2":1,"3":1,"4":1,"5":2},"f":{"0":0,"1":1},"b":{},"_coverageSchema":"1a1c01bbd47fc00a2c39e90264f33305004495a9","hash":"618803d1c8956166464966b2fb9e8e78165df00b"}
}
