TN:
SF:controllers/user.js
FN:4,(anonymous_0)
FN:19,(anonymous_1)
FNF:2
FNH:1
FNDA:3,(anonymous_0)
FNDA:0,(anonymous_1)
DA:1,1
DA:2,1
DA:4,1
DA:5,3
DA:6,3
DA:7,2
DA:8,1
DA:9,1
DA:11,1
DA:15,1
DA:19,1
DA:20,0
DA:21,0
DA:22,0
DA:23,0
DA:24,0
DA:26,0
DA:42,0
DA:43,0
LF:19
LH:11
BRDA:7,0,0,1
BRDA:7,0,1,1
BRDA:22,1,0,0
BRDA:22,1,1,0
BRF:4
BRH:2
end_of_record
TN:
SF:middlewares/index.js
FN:1,(anonymous_0)
FN:11,(anonymous_1)
FNF:2
FNH:2
FNDA:2,(anonymous_0)
FNDA:2,(anonymous_1)
DA:1,1
DA:2,2
DA:3,1
DA:7,1
DA:11,1
DA:12,2
DA:13,1
DA:15,1
DA:16,1
LF:9
LH:9
BRDA:2,0,0,1
BRDA:2,0,1,1
BRDA:12,1,0,1
BRDA:12,1,1,1
BRF:4
BRH:4
end_of_record
TN:
SF:models/user.js
FN:4,(anonymous_0)
FN:40,(anonymous_1)
FNF:2
FNH:1
FNDA:0,(anonymous_0)
FNDA:1,(anonymous_1)
DA:1,2
DA:5,0
DA:41,1
DA:42,1
DA:47,1
DA:55,2
LF:6
LH:5
BRF:0
BRH:0
end_of_record
